<?xml version="1.0" encoding="UTF-8"?>
<testng-results skipped="0" failed="0" ignored="0" total="1" passed="1">
  <reporter-output>
  </reporter-output>
  <suite name="Default suite" duration-ms="21834" started-at="2017-06-10T15:49:04Z" finished-at="2017-06-10T15:49:26Z">
    <groups>
    </groups>
    <test name="Default test" duration-ms="21834" started-at="2017-06-10T15:49:04Z" finished-at="2017-06-10T15:49:26Z">
      <class name="com.sam.seelniumFrameWork.MainClass">
        <test-method status="PASS" signature="firstTest()[pri:0, instance:com.sam.seelniumFrameWork.MainClass@68c4039c]" name="firstTest" duration-ms="21787" started-at="2017-06-10T21:19:04Z" finished-at="2017-06-10T21:19:26Z">
          <reporter-output>
          </reporter-output>
        </test-method> <!-- firstTest -->
      </class> <!-- com.sam.seelniumFrameWork.MainClass -->
    </test> <!-- Default test -->
  </suite> <!-- Default suite -->
</testng-results>
